
running 0 tests

test result: ok. 0 passed; 0 failed; 0 ignored; 0 measured; 1 filtered out; finished in 0.00s


running 1 test
test script_tests::swapp::test_swapp_script ... FAILED

failures:

failures:
    script_tests::swapp::test_swapp_script

test result: FAILED. 0 passed; 1 failed; 0 ignored; 0 measured; 0 filtered out; finished in 22.97s

